0 info it worked if it ends with ok
1 verbose cli [ '/Users/michaelmiller/.nvm/v0.10.35/bin/node',
1 verbose cli   '/Users/michaelmiller/.nvm/v0.10.35/bin/npm',
1 verbose cli   'start' ]
2 info using npm@1.4.28
3 info using node@v0.10.35
4 verbose run-script [ 'prestart', 'start', 'poststart' ]
5 info prestart intern-app@0.0.0
6 info start intern-app@0.0.0
7 verbose unsafe-perm in lifecycle true
8 info intern-app@0.0.0 Failed to exec start script
9 error intern-app@0.0.0 start: `node ./bin/www`
9 error Exit status 8
10 error Failed at the intern-app@0.0.0 start script.
10 error This is most likely a problem with the intern-app package,
10 error not with npm itself.
10 error Tell the author that this fails on your system:
10 error     node ./bin/www
10 error You can get their info via:
10 error     npm owner ls intern-app
10 error There is likely additional logging output above.
11 error System Darwin 14.3.0
12 error command "/Users/michaelmiller/.nvm/v0.10.35/bin/node" "/Users/michaelmiller/.nvm/v0.10.35/bin/npm" "start"
13 error cwd /Users/michaelmiller/scm/sd/intern-app
14 error node -v v0.10.35
15 error npm -v 1.4.28
16 error code ELIFECYCLE
17 verbose exit [ 1, true ]
